558
625
219
643
1037
295
59
1871
721
298
420
215
57
801
343
1422
643
15
374
420
234
618
243
639
325
306
860
657
606
718
679
323
859
818
611
1708
157
686
84
640
719
85
287
91
139
262
348
125
864
602
1561
719
625
509
385
684
423
385
637
224
1617
404
386
378
661
429
264
873
521
191
385
52
1757
882
234
296
801
22
45
619
1296
635
838
855
860
679
856
245
220
1
1564
843
420
782
361
703
722
306
299
277
585
644
808
263
377
681
1701
424
365
19
815
95
359
58
619
576
601
899
262
255
1521
521
843
144
639
467
663
91
803
1036
480
314
16
663
481
616
366
535
748
321
322
699
399
8
360
241
649
599
623
881
660
800
441
600
286
466
1761
294
651
40
1
293
439
554
582
306
521
464
1879
1781
1037
798
396
60
362
760
41
382
21
841
619
20
684
241
1118
4
356
36
103
346
529
357
788
582
124
426
1778
514
327
63
539
1174
238
1796
1880
564
646
22
857
385
674
862
104
84
249
380
557
858
818
254
241
91
404
583
885
125
178
41
261
798
478
257
106
825
37
301
59
826
99
542
380
144
341
111
439
210
61
646
210
314
357
6
363
43
1194
278
241
215
1
195
305
821
16
305
413
499
828
500
539
835
377
728
1524
420
293
1754
1712
1571
686
241
258
722
888
430
837
282
1873
85
619
253
102
631
666
596
303
795
298
861
840
410
130
36
1775
682
2
153
599
1600
20
46
585
217
347
996
638
1541
727
887
196
44
487
519
423
282
107
642
401
381
459
522
34
1462
63
300
621
238
63
424
604
417
543
748
283
564
1
222
595
677
539
561
341
612
42
15
604
615
536
478
194
17
358
321
526
603
420
520
661
84
618
1273
1794
673
338
259
294
281
161
67
857
380
506
42
221
126
860
234
815
207
120
578
644
601
142
378
446
601
539
1791
619
167
85
521
645
460
820
131
405
392
326
219
304
341
682
2
217
319
527
385
622
986
924
5
319
1138
899
711
125
371
85
827
601
446
917
324
584
298
5
423
619
365
23
578
884
917
641
860
46
676
1593
39
597
102
38
899
641
4
519
298
304
26
301
257
599
422
58
689
1786
1760
525
723
235
596
279
663
482
104
618
822
798
101
619
337
220
583
1616
1898
281
82
749
640
262
898
333
57
20
1446
823
858
1771
738
