6 9 2 1 8 8 5 6 4 6 2 8 8 10 8 6 10 6 9 10 8 6 8 10 3 3 8 9 7 194 
9 5 10 9 3 1 6 2 7 7 3 10 4 5 4 9 6 3 4 4 4 6 2 7 3 1 10 7 4 155 
6 6 5 7 1 7 4 5 7 10 10 1 7 9 6 5 2 9 2 2 9 4 7 2 9 10 3 7 6 168 
4 4 1 6 2 8 4 2 2 7 7 10 8 9 5 7 2 8 4 8 9 8 8 5 10 4 3 10 7 172 
9 9 9 1 7 5 2 1 5 4 7 3 6 5 7 7 10 9 8 8 10 5 3 9 8 5 3 8 4 177 
4 6 10 6 4 10 3 8 9 2 4 3 6 3 4 6 3 5 9 6 5 5 9 9 5 10 3 10 9 176 
4 6 2 7 7 10 5 7 5 5 10 8 10 5 6 10 3 5 7 8 10 9 2 8 2 7 9 1 6 184 
7 9 7 3 2 8 1 1 5 10 8 9 2 7 5 1 4 5 5 7 6 4 4 5 10 6 9 8 6 164 
6 9 2 4 9 3 3 10 7 1 4 4 8 10 10 2 2 7 8 3 10 5 9 1 8 1 4 5 9 164 
9 7 3 7 7 2 7 10 10 3 2 9 7 1 2 9 1 6 4 9 9 3 3 9 5 3 3 3 6 159 
10 5 3 4 3 6 8 6 7 9 10 8 9 5 1 5 6 9 5 9 9 2 10 9 5 3 5 7 7 185 
1 1 10 3 5 6 3 4 6 4 5 8 3 6 7 2 6 2 7 2 10 10 8 8 8 10 3 7 3 158 
1 3 7 2 7 9 4 3 6 8 3 5 2 3 2 1 1 3 2 7 8 1 2 4 3 4 9 10 3 123 
1 4 3 8 1 2 8 2 7 1 4 4 5 3 8 9 4 9 5 6 4 10 6 1 10 7 2 3 8 145 
2 5 3 1 6 2 3 9 2 2 2 3 3 4 5 2 10 1 10 8 5 5 2 2 1 1 6 3 5 113 
4 3 10 8 2 4 4 8 7 1 2 10 9 7 2 5 7 4 1 10 3 4 9 8 1 4 9 9 6 161 
4 6 6 2 9 9 10 5 10 1 7 7 6 4 8 4 6 3 5 10 1 8 2 4 7 1 9 5 6 165 
7 2 10 3 8 8 2 9 3 9 8 6 2 5 9 7 7 2 10 8 2 5 5 9 2 3 8 6 7 172 
5 6 2 5 6 1 3 7 6 6 3 6 3 5 8 1 7 10 4 1 6 4 10 3 1 6 1 3 6 135 
99 105 105 87 97 109 85 105 115 96 101 122 108 106 107 98 97 106 109 126 128 104 109 113 101 89 107 121 115 3070 
