6472
67 36 64 11 53 71 68 75 27 33 88 35 76 21 97 66 55 93 2 36 
10 22 25 75 91 56 54 46 96 80 97 36 92 22 8 43 84 1 97 48 
22 16 89 11 37 87 39 40 20 64 79 52 3 61 32 30 83 54 24 52 
47 42 45 71 57 72 58 43 29 95 38 39 96 9 80 57 57 34 9 45 
38 17 92 50 59 98 32 56 22 75 51 90 64 88 93 44 89 29 50 0 
9 91 17 62 57 92 69 97 47 99 66 5 20 76 43 50 45 57 67 31 
35 8 61 47 25 56 91 98 79 93 31 32 50 62 28 76 37 84 0 98 
87 93 54 12 91 47 91 46 22 88 10 34 73 57 79 74 44 76 1 37 
60 18 56 51 47 9 5 56 33 97 55 21 22 91 45 25 40 4 95 45 
45 30 95 83 25 13 79 55 19 94 99 33 15 27 83 1 64 78 46 49 
44 28 8 34 72 16 96 54 31 43 75 47 95 40 8 47 71 16 46 48 
39 20 43 81 57 60 2 17 75 76 14 28 54 11 4 45 85 36 25 8 
44 1 56 68 70 21 73 89 22 35 66 52 64 28 5 31 72 96 40 42 
26 37 21 10 75 68 40 79 51 93 15 48 55 63 88 0 14 90 91 10 
60 37 77 55 46 88 0 0 0 0 0 0 0 0 53 10 70 55 81 21 
49 56 45 50 93 0 0 0 0 0 0 0 0 0 0 64 45 72 16 18 
41 58 81 62 21 0 27 86 32 99 56 26 70 98 62 39 15 20 94 78 
5 30 58 99 57 24 75 66 45 1 0 92 81 92 80 69 8 76 53 72 
64 29 0 0 0 0 0 0 0 0 0 0 0 0 0 0 0 0 73 43 
90 40 23 50 45 65 87 24 49 74 73 36 15 81 19 63 13 40 59 14 
